<?xml version='1.0'?>
<?xml-stylesheet type="text/xsl" href="configuration.xsl"?>

<configuration>
  <!-- Comment -->
  <property>
    <name>a</name>
    <value>old_a</value>
  </property>

  <!-- Mixed formats -->
  <property><name>b</name><value>old_b</value></property>
  <property><name>c</name><value>old_c</value></property>

  <property>
    <name>d</name>
  </property>

  <property>
    <name>e</name>
    <value>old_e</value>
    <final>true</final>
  </property>
</configuration>
